2026-07-02 09:37:10 - INFO - Iniciando test: test_login_exitoso
2026-07-02 09:37:15 - INFO - Usuario ingresado: standard_user
2026-07-02 09:37:15 - INFO - ContraseŮa ingresada
2026-07-02 09:37:15 - INFO - Botůn de login clickeado
2026-07-02 09:37:15 - INFO - Test FINALIZ”: test_login_exitoso
2026-07-02 09:37:17 - INFO - Navegador cerrado para: test_login_exitoso
2026-07-02 09:37:24 - INFO - Iniciando test: test_login_usuario_invalido
2026-07-02 09:37:28 - INFO - Usuario ingresado: wrong_user
2026-07-02 09:37:28 - INFO - ContraseŮa ingresada
2026-07-02 09:37:29 - INFO - Botůn de login clickeado
2026-07-02 09:37:29 - INFO - Test FINALIZ”: test_login_usuario_invalido
2026-07-02 09:37:31 - INFO - Navegador cerrado para: test_login_usuario_invalido
2026-07-02 09:37:37 - INFO - Iniciando test: test_login_usuario_bloqueado
2026-07-02 09:37:41 - INFO - Usuario ingresado: locked_out_user
2026-07-02 09:37:41 - INFO - ContraseŮa ingresada
2026-07-02 09:37:41 - INFO - Botůn de login clickeado
2026-07-02 09:37:41 - INFO - Test FINALIZ”: test_login_usuario_bloqueado
2026-07-02 09:37:43 - INFO - Navegador cerrado para: test_login_usuario_bloqueado
2026-07-02 09:37:50 - INFO - Iniciando test: test_login_campos_vacios
2026-07-02 09:37:53 - INFO - Botůn de login clickeado
2026-07-02 09:37:54 - INFO - Test FINALIZ”: test_login_campos_vacios
2026-07-02 09:37:56 - INFO - Navegador cerrado para: test_login_campos_vacios
