2026-07-02 09:40:26 - INFO - Iniciando test: test_titutlo_pagina
2026-07-02 09:40:31 - INFO - Usuario ingresado: standard_user
2026-07-02 09:40:31 - INFO - Contraseþa ingresada
2026-07-02 09:40:31 - INFO - Botµn de login clickeado
2026-07-02 09:40:31 - INFO - Test FINALIZÆ: test_titutlo_pagina
2026-07-02 09:40:33 - INFO - Navegador cerrado para: test_titutlo_pagina
2026-07-02 09:40:39 - INFO - Iniciando test: test_listado_productos
2026-07-02 09:40:43 - INFO - Usuario ingresado: standard_user
2026-07-02 09:40:43 - INFO - Contraseþa ingresada
2026-07-02 09:40:43 - INFO - Botµn de login clickeado
2026-07-02 09:40:43 - INFO - Test FINALIZÆ: test_listado_productos
2026-07-02 09:40:46 - INFO - Navegador cerrado para: test_listado_productos
2026-07-02 09:40:52 - INFO - Iniciando test: test_nombres_productos
2026-07-02 09:40:55 - INFO - Usuario ingresado: standard_user
2026-07-02 09:40:55 - INFO - Contraseþa ingresada
2026-07-02 09:40:56 - INFO - Botµn de login clickeado
2026-07-02 09:40:56 - INFO - Test FINALIZÆ: test_nombres_productos
2026-07-02 09:40:58 - INFO - Navegador cerrado para: test_nombres_productos
2026-07-02 09:41:04 - INFO - Iniciando test: test_precios_productos
2026-07-02 09:41:08 - INFO - Usuario ingresado: standard_user
2026-07-02 09:41:08 - INFO - Contraseþa ingresada
2026-07-02 09:41:08 - INFO - Botµn de login clickeado
2026-07-02 09:41:09 - INFO - Test FINALIZÆ: test_precios_productos
2026-07-02 09:41:11 - INFO - Navegador cerrado para: test_precios_productos
2026-07-02 09:41:16 - INFO - Iniciando test: test_agregar_producto_al_carrito
2026-07-02 09:41:20 - INFO - Usuario ingresado: standard_user
2026-07-02 09:41:20 - INFO - Contraseþa ingresada
2026-07-02 09:41:20 - INFO - Botµn de login clickeado
2026-07-02 09:41:20 - INFO - Item 0 agregado al carrito
2026-07-02 09:41:20 - INFO - Test FINALIZÆ: test_agregar_producto_al_carrito
2026-07-02 09:41:22 - INFO - Navegador cerrado para: test_agregar_producto_al_carrito
2026-07-02 09:41:28 - INFO - Iniciando test: test_agregar_multiples_productos
2026-07-02 09:41:32 - INFO - Usuario ingresado: standard_user
2026-07-02 09:41:32 - INFO - Contraseþa ingresada
2026-07-02 09:41:32 - INFO - Botµn de login clickeado
2026-07-02 09:41:32 - INFO - Item 0 agregado al carrito
2026-07-02 09:41:32 - INFO - Item 1 agregado al carrito
2026-07-02 09:41:32 - INFO - Item 2 agregado al carrito
2026-07-02 09:41:32 - INFO - Test FINALIZÆ: test_agregar_multiples_productos
2026-07-02 09:41:35 - INFO - Navegador cerrado para: test_agregar_multiples_productos
2026-07-02 09:41:40 - INFO - Iniciando test: test_login_exitoso
2026-07-02 09:41:44 - INFO - Usuario ingresado: standard_user
2026-07-02 09:41:44 - INFO - Contraseþa ingresada
2026-07-02 09:41:45 - INFO - Botµn de login clickeado
2026-07-02 09:41:45 - INFO - Test FINALIZÆ: test_login_exitoso
2026-07-02 09:41:47 - INFO - Navegador cerrado para: test_login_exitoso
2026-07-02 09:41:53 - INFO - Iniciando test: test_login_usuario_invalido
2026-07-02 09:41:56 - INFO - Usuario ingresado: wrong_user
2026-07-02 09:41:56 - INFO - Contraseþa ingresada
2026-07-02 09:41:57 - INFO - Botµn de login clickeado
2026-07-02 09:41:57 - INFO - Test FINALIZÆ: test_login_usuario_invalido
2026-07-02 09:41:59 - INFO - Navegador cerrado para: test_login_usuario_invalido
2026-07-02 09:42:05 - INFO - Iniciando test: test_login_usuario_bloqueado
2026-07-02 09:42:09 - INFO - Usuario ingresado: locked_out_user
2026-07-02 09:42:09 - INFO - Contraseþa ingresada
2026-07-02 09:42:09 - INFO - Botµn de login clickeado
2026-07-02 09:42:09 - INFO - Test FINALIZÆ: test_login_usuario_bloqueado
2026-07-02 09:42:11 - INFO - Navegador cerrado para: test_login_usuario_bloqueado
2026-07-02 09:42:18 - INFO - Iniciando test: test_login_campos_vacios
2026-07-02 09:42:22 - INFO - Botµn de login clickeado
2026-07-02 09:42:22 - INFO - Test FINALIZÆ: test_login_campos_vacios
2026-07-02 09:42:24 - INFO - Navegador cerrado para: test_login_campos_vacios
