2026-07-02 09:38:18 - INFO - Iniciando test: test_titutlo_pagina
2026-07-02 09:38:22 - INFO - Usuario ingresado: standard_user
2026-07-02 09:38:22 - INFO - Contraseþa ingresada
2026-07-02 09:38:22 - INFO - Botµn de login clickeado
2026-07-02 09:38:22 - INFO - Test FINALIZÆ: test_titutlo_pagina
2026-07-02 09:38:24 - INFO - Navegador cerrado para: test_titutlo_pagina
2026-07-02 09:38:30 - INFO - Iniciando test: test_listado_productos
2026-07-02 09:38:34 - INFO - Usuario ingresado: standard_user
2026-07-02 09:38:34 - INFO - Contraseþa ingresada
2026-07-02 09:38:34 - INFO - Botµn de login clickeado
2026-07-02 09:38:34 - INFO - Test FINALIZÆ: test_listado_productos
2026-07-02 09:38:36 - INFO - Navegador cerrado para: test_listado_productos
2026-07-02 09:38:42 - INFO - Iniciando test: test_nombres_productos
2026-07-02 09:38:46 - INFO - Usuario ingresado: standard_user
2026-07-02 09:38:46 - INFO - Contraseþa ingresada
2026-07-02 09:38:46 - INFO - Botµn de login clickeado
2026-07-02 09:38:46 - INFO - Test FINALIZÆ: test_nombres_productos
2026-07-02 09:38:48 - INFO - Navegador cerrado para: test_nombres_productos
2026-07-02 09:38:54 - INFO - Iniciando test: test_precios_productos
2026-07-02 09:38:58 - INFO - Usuario ingresado: standard_user
2026-07-02 09:38:58 - INFO - Contraseþa ingresada
2026-07-02 09:38:58 - INFO - Botµn de login clickeado
2026-07-02 09:38:58 - INFO - Test FINALIZÆ: test_precios_productos
2026-07-02 09:39:01 - INFO - Navegador cerrado para: test_precios_productos
2026-07-02 09:39:07 - INFO - Iniciando test: test_agregar_producto_al_carrito
2026-07-02 09:39:11 - INFO - Usuario ingresado: standard_user
2026-07-02 09:39:11 - INFO - Contraseþa ingresada
2026-07-02 09:39:11 - INFO - Botµn de login clickeado
2026-07-02 09:39:11 - INFO - Item 0 agregado al carrito
2026-07-02 09:39:11 - INFO - Test FINALIZÆ: test_agregar_producto_al_carrito
2026-07-02 09:39:13 - INFO - Navegador cerrado para: test_agregar_producto_al_carrito
2026-07-02 09:39:20 - INFO - Iniciando test: test_agregar_multiples_productos
2026-07-02 09:39:24 - INFO - Usuario ingresado: standard_user
2026-07-02 09:39:24 - INFO - Contraseþa ingresada
2026-07-02 09:39:24 - INFO - Botµn de login clickeado
2026-07-02 09:39:24 - INFO - Item 0 agregado al carrito
2026-07-02 09:39:24 - INFO - Item 1 agregado al carrito
2026-07-02 09:39:24 - INFO - Item 2 agregado al carrito
2026-07-02 09:39:24 - INFO - Test FINALIZÆ: test_agregar_multiples_productos
2026-07-02 09:39:26 - INFO - Navegador cerrado para: test_agregar_multiples_productos
2026-07-02 09:39:32 - INFO - Iniciando test: test_login_exitoso
2026-07-02 09:39:36 - INFO - Usuario ingresado: standard_user
2026-07-02 09:39:36 - INFO - Contraseþa ingresada
2026-07-02 09:39:36 - INFO - Botµn de login clickeado
2026-07-02 09:39:36 - INFO - Test FINALIZÆ: test_login_exitoso
2026-07-02 09:39:38 - INFO - Navegador cerrado para: test_login_exitoso
2026-07-02 09:39:44 - INFO - Iniciando test: test_login_usuario_invalido
2026-07-02 09:39:48 - INFO - Usuario ingresado: wrong_user
2026-07-02 09:39:48 - INFO - Contraseþa ingresada
2026-07-02 09:39:48 - INFO - Botµn de login clickeado
2026-07-02 09:39:48 - INFO - Test FINALIZÆ: test_login_usuario_invalido
2026-07-02 09:39:50 - INFO - Navegador cerrado para: test_login_usuario_invalido
2026-07-02 09:39:56 - INFO - Iniciando test: test_login_usuario_bloqueado
2026-07-02 09:40:00 - INFO - Usuario ingresado: locked_out_user
2026-07-02 09:40:00 - INFO - Contraseþa ingresada
2026-07-02 09:40:00 - INFO - Botµn de login clickeado
2026-07-02 09:40:00 - INFO - Test FINALIZÆ: test_login_usuario_bloqueado
2026-07-02 09:40:03 - INFO - Navegador cerrado para: test_login_usuario_bloqueado
2026-07-02 09:40:08 - INFO - Iniciando test: test_login_campos_vacios
